Arguments: 
  /nix/store/0v60801npfm6qgczs8h1ajjpjplwj3yl-nodejs-14.16.0/bin/node /nix/store/9lmw04802pfhhy8hknhqm07bm34g43wp-yarn-1.22.5/bin/yarn add --dev esbulid

PATH: 
  /Users/jf848f/.config/yarn/global/node_modules/.bin/:/nix/store/kpmw1b9sbh5hy67p0slvgfjrdiqbw6z7-bash-interactive-4.4-p23/bin:/nix/store/gn29d9r2j9hxvynl68skkbdngcad9fbb-clang-wrapper-7.1.0/bin:/nix/store/dh68ik9djfrwp9mj2pjrm51xy7y1h2m2-clang-7.1.0/bin:/nix/store/39a6ckayzhs6jh0a51s971b5y87mixgh-coreutils-8.31/bin:/nix/store/gszv1198a98qvhdvxwxlyhs5c0wzf3zw-cctools-binutils-darwin-wrapper-927.0.2/bin:/nix/store/3jv65qbnbvd0501j04k36ax2gakga6vi-cctools-binutils-darwin-927.0.2/bin:/nix/store/39a6ckayzhs6jh0a51s971b5y87mixgh-coreutils-8.31/bin:/nix/store/0v60801npfm6qgczs8h1ajjpjplwj3yl-nodejs-14.16.0/bin:/nix/store/9lmw04802pfhhy8hknhqm07bm34g43wp-yarn-1.22.5/bin:/nix/store/39a6ckayzhs6jh0a51s971b5y87mixgh-coreutils-8.31/bin:/nix/store/8063x1bay9siil9g50shhfw7x9kx88fv-findutils-4.7.0/bin:/nix/store/4jv5k5vr1b1wajcds4nzkxainbcsvwgn-diffutils-3.7/bin:/nix/store/b98prcrr80g88p7gjl9s5r2q3d7drfkg-gnused-4.8/bin:/nix/store/wa95c389wkcl9157356swpgcmvy9r7rn-gnugrep-3.4/bin:/nix/store/va0w2sis40p02a9wgzkz009hzm6gmayg-gawk-5.1.0/bin:/nix/store/j6f65jgj95qk8rdflrl7sl2wg83cfcp7-gnutar-1.32/bin:/nix/store/cdzs4xv1v0jhafqqcasdkl2zwcvgg6i7-gzip-1.10/bin:/nix/store/wfvfsa7pjrh15dv4cq4rxpzzf5yl055q-bzip2-1.0.6.0.1-bin/bin:/nix/store/1kgq5yahbx1kcgwpccy062k87ahd4v6j-gnumake-4.3/bin:/nix/store/ai27is0gcr7lgn2302bzlgdcy5d8j4i5-bash-4.4-p23/bin:/nix/store/9z3bkpals0ldm7l62w5j5mv2d7lc4j4n-patch-2.7.6/bin:/nix/store/qaj0ihgn2s91jcnqac86r9x5j1x50120-xz-5.2.5-bin/bin:/usr/local/bin:/usr/bin:/bin:/usr/sbin:/sbin:/Library/Apple/usr/bin:/Users/jf848f/.nix-profile/bin:/etc/profiles/per-user/jf848f/bin:/run/current-system/sw/bin:/nix/var/nix/profiles/default/bin

Yarn version: 
  1.22.5

Node version: 
  14.16.0

Platform: 
  darwin x64

Trace: 
  Error: https://registry.yarnpkg.com/esbulid: Not found
      at Request.params.callback [as _callback] (/nix/store/9lmw04802pfhhy8hknhqm07bm34g43wp-yarn-1.22.5/libexec/yarn/lib/cli.js:66988:18)
      at Request.self.callback (/nix/store/9lmw04802pfhhy8hknhqm07bm34g43wp-yarn-1.22.5/libexec/yarn/lib/cli.js:140749:22)
      at Request.emit (events.js:315:20)
      at Request.<anonymous> (/nix/store/9lmw04802pfhhy8hknhqm07bm34g43wp-yarn-1.22.5/libexec/yarn/lib/cli.js:141721:10)
      at Request.emit (events.js:315:20)
      at IncomingMessage.<anonymous> (/nix/store/9lmw04802pfhhy8hknhqm07bm34g43wp-yarn-1.22.5/libexec/yarn/lib/cli.js:141643:12)
      at Object.onceWrapper (events.js:421:28)
      at IncomingMessage.emit (events.js:327:22)
      at endReadableNT (internal/streams/readable.js:1327:12)
      at processTicksAndRejections (internal/process/task_queues.js:80:21)

npm manifest: 
  {
    "name": "rescript-project-template",
    "version": "0.0.1",
    "scripts": {
      "build": "bsb -make-world",
      "clean": "bsb -clean-world",
      "start": "bsb -make-world -w"
    },
    "keywords": [
      "rescript"
    ],
    "author": "",
    "license": "MIT",
    "devDependencies": {
      "bs-platform": "*",
      "gentype": "^3.46.0"
    },
    "dependencies": {
      "@rescript/react": "^0.10.2",
      "bs-css-fela": "^1.0.1"
    }
  }

yarn manifest: 
  No manifest

Lockfile: 
  # THIS IS AN AUTOGENERATED FILE. DO NOT EDIT THIS FILE DIRECTLY.
  # yarn lockfile v1
  
  
  "@rescript/react@^0.10.2":
    version "0.10.2"
    resolved "https://registry.yarnpkg.com/@rescript/react/-/react-0.10.2.tgz#170d2a5ff34ad09cd614d92467d5efad95202794"
    integrity sha512-Qe21P4WnrmrbhbEMQ4dpaXC1/iMMc7JmqjuSpZouSP+s41K5dCXUGY9sds30gajU74lSfJdG2PzSDYcNAcDyVA==
  
  bs-css-fela@^1.0.1:
    version "1.0.1"
    resolved "https://registry.yarnpkg.com/bs-css-fela/-/bs-css-fela-1.0.1.tgz#073d591f2fe171990fbb8077f5f346e99ede5c9d"
    integrity sha512-2h/SE5bM1XG4E1TimiTW2SWZ7yyrx2SOKQZAtawpBGczBHYbAp2mpd9IEzRG4nx9EEz2Gej6Gc1vLXe3l33qAw==
    dependencies:
      bs-css "14.0.1"
      fela "^11.0.0"
      react-fela "^11.0.0"
  
  bs-css@14.0.1:
    version "14.0.1"
    resolved "https://registry.yarnpkg.com/bs-css/-/bs-css-14.0.1.tgz#983394472d825c590a8f91230bfcb082e9474670"
    integrity sha512-gNaKpU7sQKjyVCTgNa+ReHt0yAx19HcOYbGU4Sg7Jlv04NXK3FCvqffF60xb+x+jMMquOTLIj4VyQPiPSZ82Nw==
  
  bs-platform@*:
    version "9.0.2"
    resolved "https://registry.yarnpkg.com/bs-platform/-/bs-platform-9.0.2.tgz#a6eac70eb8924a322556dacaccbfbc9b2a0d3a37"
    integrity sha512-Ye9JqJ4Oa7mcjjoOVRYI8Uc2Cf8N7jQLWDcdUplY7996d/YErSR7WitmV7XnSwr4EvdrbwjEsg1NxNjUQv3ChA==
  
  css-in-js-utils@^3.0.0:
    version "3.1.0"
    resolved "https://registry.yarnpkg.com/css-in-js-utils/-/css-in-js-utils-3.1.0.tgz#640ae6a33646d401fc720c54fc61c42cd76ae2bb"
    integrity sha512-fJAcud6B3rRu+KHYk+Bwf+WFL2MDCJJ1XG9x137tJQ0xYxor7XziQtuGFbWNdqrvF4Tk26O3H73nfVqXt/fW1A==
    dependencies:
      hyphenate-style-name "^1.0.3"
  
  csstype@^3.0.5:
    version "3.0.7"
    resolved "https://registry.yarnpkg.com/csstype/-/csstype-3.0.7.tgz#2a5fb75e1015e84dd15692f71e89a1450290950b"
    integrity sha512-KxnUB0ZMlnUWCsx2Z8MUsr6qV6ja1w9ArPErJaJaF8a5SOWoHLIszeCTKGRGRgtLgYrs1E8CHkNSP1VZTTPc9g==
  
  fast-loops@^1.0.0, fast-loops@^1.0.1:
    version "1.1.3"
    resolved "https://registry.yarnpkg.com/fast-loops/-/fast-loops-1.1.3.tgz#ce96adb86d07e7bf9b4822ab9c6fac9964981f75"
    integrity sha512-8EZzEP0eKkEEVX+drtd9mtuQ+/QrlfW/5MlwcwK5Nds6EkZ/tRzEexkzUY2mIssnAyVLT+TKHuRXmFNNXYUd6g==
  
  fela-bindings@^11.6.1:
    version "11.6.1"
    resolved "https://registry.yarnpkg.com/fela-bindings/-/fela-bindings-11.6.1.tgz#80bc6d4dcde459b1bf9e8144eedb2ab838923d44"
    integrity sha512-tvNBT5FIpfSFfdnXuDlQLHJww+q/D28john/km6A4FsUZ1iYZEYSpTcchGS8BV4Jhs7UtKLet3a4PsNYMRT1Rw==
    dependencies:
      fast-loops "^1.0.0"
      fela-dom "^11.6.1"
      fela-tools "^11.6.1"
      react-addons-shallow-compare "^15.6.2"
      shallow-equal "^1.0.0"
  
  fela-dom@^11.6.1:
    version "11.6.1"
    resolved "https://registry.yarnpkg.com/fela-dom/-/fela-dom-11.6.1.tgz#a6906a6075261f6916566051457c909367730ded"
    integrity sha512-0mWM7q3z1HuQh0MbzITY0g/5k1rMfMB9G9jyC1gaTMyjNCt0TP9tkmUksF+a831t0ztfHpJOI0+l/dVdS0evHA==
    dependencies:
      css-in-js-utils "^3.0.0"
      fast-loops "^1.0.1"
      fela-utils "^11.6.1"
      sort-css-media-queries "^1.4.3"
  
  fela-tools@^11.6.1:
    version "11.6.1"
    resolved "https://registry.yarnpkg.com/fela-tools/-/fela-tools-11.6.1.tgz#51c880d12525a091c16cb47aa51445f7b04a144a"
    integrity sha512-vmVC4YwxR1hfmJc7wvVAADUjWbGClerL5z4iew1Ej2aa8t1KtDLNdtINd7HPx4NAcmEcTnySVUqjiTGVjBbXXQ==
    dependencies:
      css-in-js-utils "^3.0.0"
      fast-loops "^1.0.0"
      fela "^11.6.1"
      fela-utils "^11.6.1"
  
  fela-utils@^11.6.1:
    version "11.6.1"
    resolved "https://registry.yarnpkg.com/fela-utils/-/fela-utils-11.6.1.tgz#5e16663bb9f095b5e6d9cfff29c0bd249ac9030c"
    integrity sha512-4w0C6QxVQRklBRcT3uuHYnpo4Q+a4rXfrJbdi9UtTzcVIEQfZTivFUsqeXWHaMFrn5gEW3oxBOzwXsoNHxKgDw==
    dependencies:
      css-in-js-utils "^3.0.0"
      fast-loops "^1.0.0"
  
  fela@^11.0.0, fela@^11.6.1:
    version "11.6.1"
    resolved "https://registry.yarnpkg.com/fela/-/fela-11.6.1.tgz#1f88881ad20922e64a8b2b0e80e5e2025b9c2d2b"
    integrity sha512-UYZ4HijoVbSm16mYrGszC8RObjYTop4rGh+AjzL9ICLymhEFNuaSSLzTSzW8az9VYY6M/RlQin+Qi5rQmayJtA==
    dependencies:
      css-in-js-utils "^3.0.0"
      csstype "^3.0.5"
      fast-loops "^1.0.0"
      fela-utils "^11.6.1"
      isobject "^3.0.1"
  
  gentype@^3.46.0:
    version "3.46.0"
    resolved "https://registry.yarnpkg.com/gentype/-/gentype-3.46.0.tgz#a030400eabc3318bacb7adc9ae806c11e2bfd4d9"
    integrity sha512-qcJmZa8+00AXiwujBndLJ0z4OM1SVZ/inPm+jeL8Q7goYNb+tdPl/Q+WoNq4ZMLgtPJUW6KRvBC+gE9gJ0PyIg==
  
  hyphenate-style-name@^1.0.3:
    version "1.0.4"
    resolved "https://registry.yarnpkg.com/hyphenate-style-name/-/hyphenate-style-name-1.0.4.tgz#691879af8e220aea5750e8827db4ef62a54e361d"
    integrity sha512-ygGZLjmXfPHj+ZWh6LwbC37l43MhfztxetbFCoYTM2VjkIUpeHgSNn7QIyVFj7YQ1Wl9Cbw5sholVJPzWvC2MQ==
  
  isobject@^3.0.1:
    version "3.0.1"
    resolved "https://registry.yarnpkg.com/isobject/-/isobject-3.0.1.tgz#4e431e92b11a9731636aa1f9c8d1ccbcfdab78df"
    integrity sha1-TkMekrEalzFjaqH5yNHMvP2reN8=
  
  "js-tokens@^3.0.0 || ^4.0.0":
    version "4.0.0"
    resolved "https://registry.yarnpkg.com/js-tokens/-/js-tokens-4.0.0.tgz#19203fb59991df98e3a287050d4647cdeaf32499"
    integrity sha512-RdJUflcE3cUzKiMqQgsCu06FPu9UdIJO0beYbPhHN4k6apgJtifcoCtT9bcxOpYBtpD2kCM6Sbzg4CausW/PKQ==
  
  loose-envify@^1.4.0:
    version "1.4.0"
    resolved "https://registry.yarnpkg.com/loose-envify/-/loose-envify-1.4.0.tgz#71ee51fa7be4caec1a63839f7e682d8132d30caf"
    integrity sha512-lyuxPGr/Wfhrlem2CL/UcnUc1zcqKAImBDzukY7Y5F/yQiNdko6+fRLevlw1HgMySw7f611UIY408EtxRSoK3Q==
    dependencies:
      js-tokens "^3.0.0 || ^4.0.0"
  
  object-assign@^4.1.0, object-assign@^4.1.1:
    version "4.1.1"
    resolved "https://registry.yarnpkg.com/object-assign/-/object-assign-4.1.1.tgz#2109adc7965887cfc05cbbd442cac8bfbb360863"
    integrity sha1-IQmtx5ZYh8/AXLvUQsrIv7s2CGM=
  
  prop-types@^15.5.8:
    version "15.7.2"
    resolved "https://registry.yarnpkg.com/prop-types/-/prop-types-15.7.2.tgz#52c41e75b8c87e72b9d9360e0206b99dcbffa6c5"
    integrity sha512-8QQikdH7//R2vurIJSutZ1smHYTcLpRWEOlHnzcWHmBYrOGUysKwSsrC89BCiFj3CbrfJ/nXFdJepOVrY1GCHQ==
    dependencies:
      loose-envify "^1.4.0"
      object-assign "^4.1.1"
      react-is "^16.8.1"
  
  react-addons-shallow-compare@^15.6.2:
    version "15.6.3"
    resolved "https://registry.yarnpkg.com/react-addons-shallow-compare/-/react-addons-shallow-compare-15.6.3.tgz#28a94b0dfee71530852c66a69053d59a1baf04cb"
    integrity sha512-EDJbgKTtGRLhr3wiGDXK/+AEJ59yqGS+tKE6mue0aNXT6ZMR7VJbbzIiT6akotmHg1BLj46ElJSb+NBMp80XBg==
    dependencies:
      object-assign "^4.1.0"
  
  react-fela@^11.0.0:
    version "11.6.1"
    resolved "https://registry.yarnpkg.com/react-fela/-/react-fela-11.6.1.tgz#0e0d91873d04067de49a9c316d52ce7efb9e5a70"
    integrity sha512-A6AIRsCQA9RZEYuwfXX5UncGZB3R56zcGlosJLSeJ/kZQTM6cDhdZqU0w0/26+b89YpTfYbW+HvujXtqSRQvzQ==
    dependencies:
      fela-bindings "^11.6.1"
      fela-dom "^11.6.1"
      prop-types "^15.5.8"
  
  react-is@^16.8.1:
    version "16.13.1"
    resolved "https://registry.yarnpkg.com/react-is/-/react-is-16.13.1.tgz#789729a4dc36de2999dc156dd6c1d9c18cea56a4"
    integrity sha512-24e6ynE2H+OKt4kqsOvNd8kBpV65zoxbA4BVsEOB3ARVWQki/DHzaUoC5KuON/BiccDaCCTZBuOcfZs70kR8bQ==
  
  shallow-equal@^1.0.0:
    version "1.2.1"
    resolved "https://registry.yarnpkg.com/shallow-equal/-/shallow-equal-1.2.1.tgz#4c16abfa56043aa20d050324efa68940b0da79da"
    integrity sha512-S4vJDjHHMBaiZuT9NPb616CSmLf618jawtv3sufLl6ivK8WocjAo58cXwbRV1cgqxH0Qbv+iUt6m05eqEa2IRA==
  
  sort-css-media-queries@^1.4.3:
    version "1.5.4"
    resolved "https://registry.yarnpkg.com/sort-css-media-queries/-/sort-css-media-queries-1.5.4.tgz#24182b12002a13d01ba943ddf74f5098d7c244ce"
    integrity sha512-YP5W/h4Sid/YP7Lp87ejJ5jP13/Mtqt2vx33XyhO+IAugKlufRPbOrPlIiEUuxmpNBSBd3EeeQpFhdu3RfI2Ag==
